<?xml version="1.0" encoding="UTF-8"?>
<testsuite name="start.aop.AopApplicationTests" tests="3" skipped="0" failures="0" errors="0" timestamp="2023-04-08T15:14:20" hostname="DESKTOP-BM1VPBL" time="0.369">
  <properties/>
  <testcase name="success()" classname="start.aop.AopApplicationTests" time="0.326"/>
  <testcase name="aopInfo()" classname="start.aop.AopApplicationTests" time="0.003"/>
  <testcase name="exception()" classname="start.aop.AopApplicationTests" time="0.036"/>
  <system-out><![CDATA[00:14:19.157 [Test worker] DEBUG org.springframework.test.context.BootstrapUtils - Instantiating CacheAwareContextLoaderDelegate from class [org.springframework.test.context.cache.DefaultCacheAwareContextLoaderDelegate]
00:14:19.165 [Test worker] DEBUG org.springframework.test.context.BootstrapUtils - Instantiating BootstrapContext using constructor [public org.springframework.test.context.support.DefaultBootstrapContext(java.lang.Class,org.springframework.test.context.CacheAwareContextLoaderDelegate)]
00:14:19.188 [Test worker] DEBUG org.springframework.test.context.BootstrapUtils - Instantiating TestContextBootstrapper for test class [start.aop.AopApplicationTests] from class [org.springframework.boot.test.context.SpringBootTestContextBootstrapper]
00:14:19.195 [Test worker] INFO org.springframework.boot.test.context.SpringBootTestContextBootstrapper - Neither @ContextConfiguration nor @ContextHierarchy found for test class [start.aop.AopApplicationTests], using SpringBootContextLoader
00:14:19.198 [Test worker] DEBUG org.springframework.test.context.support.AbstractContextLoader - Did not detect default resource location for test class [start.aop.AopApplicationTests]: class path resource [start/aop/AopApplicationTests-context.xml] does not exist
00:14:19.198 [Test worker] DEBUG org.springframework.test.context.support.AbstractContextLoader - Did not detect default resource location for test class [start.aop.AopApplicationTests]: class path resource [start/aop/AopApplicationTestsContext.groovy] does not exist
00:14:19.199 [Test worker] INFO org.springframework.test.context.support.AbstractContextLoader - Could not detect default resource locations for test class [start.aop.AopApplicationTests]: no resource found for suffixes {-context.xml, Context.groovy}.
00:14:19.199 [Test worker] INFO org.springframework.test.context.support.AnnotationConfigContextLoaderUtils - Could not detect default configuration classes for test class [start.aop.AopApplicationTests]: AopApplicationTests does not declare any static, non-private, non-final, nested classes annotated with @Configuration.
00:14:19.235 [Test worker] DEBUG org.springframework.test.context.support.ActiveProfilesUtils - Could not find an 'annotation declaring class' for annotation type [org.springframework.test.context.ActiveProfiles] and class [start.aop.AopApplicationTests]
00:14:19.271 [Test worker] DEBUG org.springframework.context.annotation.ClassPathScanningCandidateComponentProvider - Identified candidate component class: file [C:\Users\leehyewook\Desktop\aop\build\classes\java\main\start\aop\AopApplication.class]
00:14:19.272 [Test worker] INFO org.springframework.boot.test.context.SpringBootTestContextBootstrapper - Found @SpringBootConfiguration start.aop.AopApplication for test class start.aop.AopApplicationTests
00:14:19.337 [Test worker] DEBUG org.springframework.boot.test.context.SpringBootTestContextBootstrapper - @TestExecutionListeners is not present for class [start.aop.AopApplicationTests]: using defaults.
00:14:19.338 [Test worker] INFO org.springframework.boot.test.context.SpringBootTestContextBootstrapper - Loaded default TestExecutionListener class names from location [META-INF/spring.factories]: [org.springframework.boot.test.autoconfigure.restdocs.RestDocsTestExecutionListener, org.springframework.boot.test.autoconfigure.web.client.MockRestServiceServerResetTestExecutionListener, org.springframework.boot.test.autoconfigure.web.servlet.MockMvcPrintOnlyOnFailureTestExecutionListener, org.springframework.boot.test.autoconfigure.web.servlet.WebDriverTestExecutionListener, org.springframework.boot.test.autoconfigure.webservices.client.MockWebServiceServerTestExecutionListener, org.springframework.boot.test.mock.mockito.MockitoTestExecutionListener, org.springframework.boot.test.mock.mockito.ResetMocksTestExecutionListener, org.springframework.test.context.web.ServletTestExecutionListener, org.springframework.test.context.support.DirtiesContextBeforeModesTestExecutionListener, org.springframework.test.context.event.ApplicationEventsTestExecutionListener, org.springframework.test.context.support.DependencyInjectionTestExecutionListener, org.springframework.test.context.support.DirtiesContextTestExecutionListener, org.springframework.test.context.transaction.TransactionalTestExecutionListener, org.springframework.test.context.jdbc.SqlScriptsTestExecutionListener, org.springframework.test.context.event.EventPublishingTestExecutionListener]
00:14:19.344 [Test worker] DEBUG org.springframework.boot.test.context.SpringBootTestContextBootstrapper - Skipping candidate TestExecutionListener [org.springframework.test.context.web.ServletTestExecutionListener] due to a missing dependency. Specify custom listener classes or make the default listener classes and their required dependencies available. Offending class: [javax/servlet/ServletContext]
00:14:19.346 [Test worker] DEBUG org.springframework.boot.test.context.SpringBootTestContextBootstrapper - Skipping candidate TestExecutionListener [org.springframework.test.context.transaction.TransactionalTestExecutionListener] due to a missing dependency. Specify custom listener classes or make the default listener classes and their required dependencies available. Offending class: [org/springframework/transaction/interceptor/TransactionAttributeSource]
00:14:19.346 [Test worker] DEBUG org.springframework.boot.test.context.SpringBootTestContextBootstrapper - Skipping candidate TestExecutionListener [org.springframework.test.context.jdbc.SqlScriptsTestExecutionListener] due to a missing dependency. Specify custom listener classes or make the default listener classes and their required dependencies available. Offending class: [org/springframework/transaction/interceptor/TransactionAttribute]
00:14:19.346 [Test worker] INFO org.springframework.boot.test.context.SpringBootTestContextBootstrapper - Using TestExecutionListeners: [org.springframework.test.context.support.DirtiesContextBeforeModesTestExecutionListener@350ec41e, org.springframework.test.context.event.ApplicationEventsTestExecutionListener@69637b10, org.springframework.boot.test.mock.mockito.MockitoTestExecutionListener@71984c3, org.springframework.boot.test.autoconfigure.SpringBootDependencyInjectionTestExecutionListener@165b2f7f, org.springframework.test.context.support.DirtiesContextTestExecutionListener@5536379e, org.springframework.test.context.event.EventPublishingTestExecutionListener@277f7dd3, org.springframework.boot.test.autoconfigure.restdocs.RestDocsTestExecutionListener@6c8bca63, org.springframework.boot.test.autoconfigure.web.client.MockRestServiceServerResetTestExecutionListener@2364305a, org.springframework.boot.test.autoconfigure.web.servlet.MockMvcPrintOnlyOnFailureTestExecutionListener@470a696f, org.springframework.boot.test.autoconfigure.web.servlet.WebDriverTestExecutionListener@1bc715b8, org.springframework.boot.test.autoconfigure.webservices.client.MockWebServiceServerTestExecutionListener@292d1c71, org.springframework.boot.test.mock.mockito.ResetMocksTestExecutionListener@2b491fee]
00:14:19.349 [Test worker] DEBUG org.springframework.test.context.support.AbstractDirtiesContextTestExecutionListener - Before test class: context [DefaultTestContext@6731787b testClass = AopApplicationTests, testInstance = [null], testMethod = [null], testException = [null], mergedContextConfiguration = [MergedContextConfiguration@16f7b4af testClass = AopApplicationTests, locations = '{}', classes = '{class start.aop.AopApplication}', contextInitializerClasses = '[]', activeProfiles = '{}', propertySourceLocations = '{}', propertySourceProperties = '{org.springframework.boot.test.context.SpringBootTestContextBootstrapper=true}', contextCustomizers = set[org.springframework.boot.test.autoconfigure.actuate.metrics.MetricsExportContextCustomizerFactory$DisableMetricExportContextCustomizer@77102b91, org.springframework.boot.test.autoconfigure.properties.PropertyMappingContextCustomizer@0, org.springframework.boot.test.autoconfigure.web.servlet.WebDriverContextCustomizerFactory$Customizer@6f63b475, [ImportsContextCustomizer@7adf16aa key = [start.aop.order.aop.Aspect5$LogAspect, start.aop.order.aop.Aspect5$TxAspect]], org.springframework.boot.test.context.filter.ExcludeFilterContextCustomizer@68b32e3e, org.springframework.boot.test.json.DuplicateJsonObjectContextCustomizerFactory$DuplicateJsonObjectContextCustomizer@4f9a2c08, org.springframework.boot.test.mock.mockito.MockitoContextCustomizer@0, org.springframework.boot.test.web.client.TestRestTemplateContextCustomizer@71812481, org.springframework.boot.test.context.SpringBootTestArgs@1, org.springframework.boot.test.context.SpringBootTestWebEnvironment@6a370f4], contextLoader = 'org.springframework.boot.test.context.SpringBootContextLoader', parent = [null]], attributes = map[[empty]]], class annotated with @DirtiesContext [false] with mode [null].
00:14:19.356 [Test worker] DEBUG org.springframework.test.context.support.DependencyInjectionTestExecutionListener - Performing dependency injection for test context [[DefaultTestContext@6731787b testClass = AopApplicationTests, testInstance = start.aop.AopApplicationTests@b40bb6e, testMethod = [null], testException = [null], mergedContextConfiguration = [MergedContextConfiguration@16f7b4af testClass = AopApplicationTests, locations = '{}', classes = '{class start.aop.AopApplication}', contextInitializerClasses = '[]', activeProfiles = '{}', propertySourceLocations = '{}', propertySourceProperties = '{org.springframework.boot.test.context.SpringBootTestContextBootstrapper=true}', contextCustomizers = set[org.springframework.boot.test.autoconfigure.actuate.metrics.MetricsExportContextCustomizerFactory$DisableMetricExportContextCustomizer@77102b91, org.springframework.boot.test.autoconfigure.properties.PropertyMappingContextCustomizer@0, org.springframework.boot.test.autoconfigure.web.servlet.WebDriverContextCustomizerFactory$Customizer@6f63b475, [ImportsContextCustomizer@7adf16aa key = [start.aop.order.aop.Aspect5$LogAspect, start.aop.order.aop.Aspect5$TxAspect]], org.springframework.boot.test.context.filter.ExcludeFilterContextCustomizer@68b32e3e, org.springframework.boot.test.json.DuplicateJsonObjectContextCustomizerFactory$DuplicateJsonObjectContextCustomizer@4f9a2c08, org.springframework.boot.test.mock.mockito.MockitoContextCustomizer@0, org.springframework.boot.test.web.client.TestRestTemplateContextCustomizer@71812481, org.springframework.boot.test.context.SpringBootTestArgs@1, org.springframework.boot.test.context.SpringBootTestWebEnvironment@6a370f4], contextLoader = 'org.springframework.boot.test.context.SpringBootContextLoader', parent = [null]], attributes = map['org.springframework.test.context.event.ApplicationEventsTestExecutionListener.recordApplicationEvents' -> false]]].

  .   ____          _            __ _ _
 /\\ / ___'_ __ _ _(_)_ __  __ _ \ \ \ \
( ( )\___ | '_ | '_| | '_ \/ _` | \ \ \ \
 \\/  ___)| |_)| | | | | || (_| |  ) ) ) )
  '  |____| .__|_| |_|_| |_\__, | / / / /
 =========|_|==============|___/=/_/_/_/
 :: Spring Boot ::               (v2.7.10)

2023-04-09 00:14:19.549  INFO 28744 --- [    Test worker] start.aop.AopApplicationTests            : Starting AopApplicationTests using Java 14.0.2 on DESKTOP-BM1VPBL with PID 28744 (started by leehyewook in C:\Users\leehyewook\Desktop\aop)
2023-04-09 00:14:19.551  INFO 28744 --- [    Test worker] start.aop.AopApplicationTests            : No active profile set, falling back to 1 default profile: "default"
2023-04-09 00:14:20.056  INFO 28744 --- [    Test worker] start.aop.AopApplicationTests            : Started AopApplicationTests in 0.683 seconds (JVM running for 1.428)
2023-04-09 00:14:20.370  INFO 28744 --- [    Test worker] start.aop.order.aop.Aspect5              : [LogAspect]log -> void start.aop.order.OrderService.orderItem(String)
2023-04-09 00:14:20.371  INFO 28744 --- [    Test worker] start.aop.order.aop.Aspect5              : 트랜잭션 시작 -> void start.aop.order.OrderService.orderItem(String)
2023-04-09 00:14:20.379  INFO 28744 --- [    Test worker] start.aop.order.OrderService             : [orderService] 실행
2023-04-09 00:14:20.379  INFO 28744 --- [    Test worker] start.aop.order.aop.Aspect5              : [LogAspect]log -> String start.aop.order.OrderRepository.save(String)
2023-04-09 00:14:20.383  INFO 28744 --- [    Test worker] start.aop.order.OrderRepository          : [orderRepository] 실행
2023-04-09 00:14:20.383  INFO 28744 --- [    Test worker] start.aop.order.aop.Aspect5              : 트랜잭션 커밋 -> void start.aop.order.OrderService.orderItem(String)
2023-04-09 00:14:20.383  INFO 28744 --- [    Test worker] start.aop.order.aop.Aspect5              : 리소스 릴리즈 -> void start.aop.order.OrderService.orderItem(String)
2023-04-09 00:14:20.393  INFO 28744 --- [    Test worker] start.aop.AopApplicationTests            : isAopProxy, orderService=true
2023-04-09 00:14:20.393  INFO 28744 --- [    Test worker] start.aop.AopApplicationTests            : isAopProxy, orderRepository=true
2023-04-09 00:14:20.422  INFO 28744 --- [    Test worker] start.aop.order.aop.Aspect5              : [LogAspect]log -> void start.aop.order.OrderService.orderItem(String)
2023-04-09 00:14:20.422  INFO 28744 --- [    Test worker] start.aop.order.aop.Aspect5              : 트랜잭션 시작 -> void start.aop.order.OrderService.orderItem(String)
2023-04-09 00:14:20.422  INFO 28744 --- [    Test worker] start.aop.order.OrderService             : [orderService] 실행
2023-04-09 00:14:20.422  INFO 28744 --- [    Test worker] start.aop.order.aop.Aspect5              : [LogAspect]log -> String start.aop.order.OrderRepository.save(String)
2023-04-09 00:14:20.422  INFO 28744 --- [    Test worker] start.aop.order.OrderRepository          : [orderRepository] 실행
2023-04-09 00:14:20.422  INFO 28744 --- [    Test worker] start.aop.order.aop.Aspect5              : 트랜잭션 롤백 -> void start.aop.order.OrderService.orderItem(String)
2023-04-09 00:14:20.422  INFO 28744 --- [    Test worker] start.aop.order.aop.Aspect5              : 리소스 릴리즈 -> void start.aop.order.OrderService.orderItem(String)
]]></system-out>
  <system-err><![CDATA[]]></system-err>
</testsuite>
